Drone/P4MissionsDemo/app/build/outputs/logs/manifest-merger-debug-report.txt
-- Merging decision tree log ---
manifest
ADDED from src\main\AndroidManifest.xml:1:1-100:12
INJECTED from src\main\AndroidManifest.xml:1:1-100:12
INJECTED from src\main\AndroidManifest.xml:1:1-100:12
MERGED from [androidx.multidex:multidex:2.0.0] AndroidManifest.xml:17:1-22:12
MERGED from [com.dji:dji-sdk:4.11] AndroidManifest.xml:2:1-75:12
MERGED from [com.mapzen.android:lost:3.0.4] AndroidManifest.xml:2:1-34:12
MERGED from [androidx.appcompat:appcompat:1.0.0] AndroidManifest.xml:17:1-22:12
MERGED from [androidx.recyclerview:recyclerview:1.0.0] AndroidManifest.xml:17:1-22:12
MERGED from [androidx.lifecycle:lifecycle-extensions:2.0.0-rc01] AndroidManifest.xml:17:1-25:12
MERGED from [androidx.fragment:fragment:1.0.0] AndroidManifest.xml:17:1-22:12
MERGED from [androidx.vectordrawable:vectordrawable-animated:1.0.0] AndroidManifest.xml:17:1-22:12
MERGED from [androidx.legacy:legacy-support-core-ui:1.0.0] AndroidManifest.xml:17:1-22:12
MERGED from [androidx.legacy:legacy-support-core-utils:1.0.0] AndroidManifest.xml:17:1-22:12
MERGED from [androidx.vectordrawable:vectordrawable:1.0.0] AndroidManifest.xml:17:1-22:12
MERGED from [androidx.loader:loader:1.0.0] AndroidManifest.xml:17:1-22:12
MERGED from [androidx.viewpager:viewpager:1.0.0] AndroidManifest.xml:17:1-22:12
MERGED from [androidx.coordinatorlayout:coordinatorlayout:1.0.0] AndroidManifest.xml:17:1-22:12
MERGED from [androidx.drawerlayout:drawerlayout:1.0.0] AndroidManifest.xml:17:1-22:12
MERGED from [androidx.slidingpanelayout:slidingpanelayout:1.0.0] AndroidManifest.xml:17:1-22:12
MERGED from [androidx.customview:customview:1.0.0] AndroidManifest.xml:17:1-22:12
MERGED from [androidx.swiperefreshlayout:swiperefreshlayout:1.0.0] AndroidManifest.xml:17:1-22:12
MERGED from [androidx.asynclayoutinflater:asynclayoutinflater:1.0.0] AndroidManifest.xml:17:1-22:12
MERGED from [androidx.core:core:1.0.0] AndroidManifest.xml:17:1-24:12
MERGED from [androidx.constraintlayout:constraintlayout:1.1.3] AndroidManifest.xml:2:1-11:12
MERGED from [androidx.versionedparcelable:versionedparcelable:1.0.0] AndroidManifest.xml:17:1-25:12
MERGED from [androidx.cursoradapter:cursoradapter:1.0.0] AndroidManifest.xml:17:1-22:12
MERGED from [androidx.lifecycle:lifecycle-process:2.0.0-rc01] AndroidManifest.xml:17:1-30:12
MERGED from [androidx.lifecycle:lifecycle-service:2.0.0-rc01] AndroidManifest.xml:17:1-22:12
MERGED from [androidx.lifecycle:lifecycle-runtime:2.0.0] AndroidManifest.xml:17:1-22:12
MERGED from [androidx.documentfile:documentfile:1.0.0] AndroidManifest.xml:17:1-22:12
MERGED from [androidx.localbroadcastmanager:localbroadcastmanager:1.0.0] AndroidManifest.xml:17:1-22:12
MERGED from [androidx.print:print:1.0.0] AndroidManifest.xml:17:1-22:12
MERGED from [androidx.lifecycle:lifecycle-viewmodel:2.0.0] AndroidManifest.xml:17:1-22:12
MERGED from [androidx.lifecycle:lifecycle-livedata:2.0.0] AndroidManifest.xml:17:1-22:12
MERGED from [androidx.lifecycle:lifecycle-livedata-core:2.0.0] AndroidManifest.xml:17:1-22:12
MERGED from [androidx.arch.core:core-runtime:2.0.0] AndroidManifest.xml:17:1-22:12
MERGED from [androidx.interpolator:interpolator:1.0.0] AndroidManifest.xml:17:1-22:12
MERGED from [com.dji:library-networkrtk-helper:1.0] AndroidManifest.xml:2:1-11:12
MERGED from [com.dji:fly-safe-database:1.0.17] AndroidManifest.xml:2:1-11:12
INJECTED from src\main\AndroidManifest.xml:1:1-100:12
INJECTED from src\main\AndroidManifest.xml:1:1-100:12
	package
		ADDED from src\main\AndroidManifest.xml:3:5-37
	android:versionName
		ADDED from src\main\AndroidManifest.xml:5:5-30
		INJECTED from src\main\AndroidManifest.xml
		INJECTED from src\main\AndroidManifest.xml
	xmlns:tools
		ADDED from src\main\AndroidManifest.xml:2:5-51
	xmlns:android
		ADDED from src\main\AndroidManifest.xml:1:11-69
	android:versionCode
		ADDED from src\main\AndroidManifest.xml:4:5-28
		INJECTED from src\main\AndroidManifest.xml
		INJECTED from src\main\AndroidManifest.xml
uses-permission#android.permission.BLUETOOTH
ADDED from src\main\AndroidManifest.xml:7:5-68
MERGED from [com.dji:dji-sdk:4.11] AndroidManifest.xml:11:5-68
MERGED from [com.dji:dji-sdk:4.11] AndroidManifest.xml:11:5-68
	android:name
		ADDED from src\main\AndroidManifest.xml:7:22-65
uses-permission#android.permission.BLUETOOTH_ADMIN
ADDED from src\main\AndroidManifest.xml:8:5-74
MERGED from [com.dji:dji-sdk:4.11] AndroidManifest.xml:12:5-74
MERGED from [com.dji:dji-sdk:4.11] AndroidManifest.xml:12:5-74
	android:name
		ADDED from src\main\AndroidManifest.xml:8:22-71
uses-permission#android.permission.VIBRATE
ADDED from src\main\AndroidManifest.xml:9:5-66
MERGED from [com.dji:dji-sdk:4.11] AndroidManifest.xml:35:5-66
MERGED from [com.dji:dji-sdk:4.11] AndroidManifest.xml:35:5-66
	android:name
		ADDED from src\main\AndroidManifest.xml:9:22-63
uses-permission#android.permission.INTERNET
ADDED from src\main\AndroidManifest.xml:10:5-67
	android:name
		ADDED from src\main\AndroidManifest.xml:10:22-64
uses-permission#android.permission.ACCESS_WIFI_STATE
ADDED from src\main\AndroidManifest.xml:11:5-76
MERGED from [com.dji:dji-sdk:4.11] AndroidManifest.xml:21:5-76
MERGED from [com.dji:dji-sdk:4.11] AndroidManifest.xml:21:5-76
	android:name
		ADDED from src\main\AndroidManifest.xml:11:22-73
uses-permission#android.permission.WAKE_LOCK
ADDED from src\main\AndroidManifest.xml:12:5-68
MERGED from [com.dji:dji-sdk:4.11] AndroidManifest.xml:20:5-68
MERGED from [com.dji:dji-sdk:4.11] AndroidManifest.xml:20:5-68
	android:name
		ADDED from src\main\AndroidManifest.xml:12:22-65
uses-permission#android.permission.ACCESS_COARSE_LOCATION
ADDED from src\main\AndroidManifest.xml:13:5-81
MERGED from [com.dji:dji-sdk:4.11] AndroidManifest.xml:17:5-81
MERGED from [com.dji:dji-sdk:4.11] AndroidManifest.xml:17:5-81
	android:name
		ADDED from src\main\AndroidManifest.xml:13:22-78
uses-permission#android.permission.ACCESS_NETWORK_STATE
ADDED from src\main\AndroidManifest.xml:14:5-79
MERGED from [com.dji:dji-sdk:4.11] AndroidManifest.xml:13:5-79
MERGED from [com.dji:dji-sdk:4.11] AndroidManifest.xml:13:5-79
	android:name
		ADDED from src\main\AndroidManifest.xml:14:22-76
uses-permission#android.permission.ACCESS_FINE_LOCATION
ADDED from src\main\AndroidManifest.xml:15:5-79
MERGED from [com.dji:dji-sdk:4.11] AndroidManifest.xml:18:5-79
MERGED from [com.dji:dji-sdk:4.11] AndroidManifest.xml:18:5-79
	android:name
		ADDED from src\main\AndroidManifest.xml:15:22-76
uses-permission#android.permission.CHANGE_WIFI_STATE
ADDED from src\main\AndroidManifest.xml:16:5-76
MERGED from [com.dji:dji-sdk:4.11] AndroidManifest.xml:39:5-76
MERGED from [com.dji:dji-sdk:4.11] AndroidManifest.xml:39:5-76
	android:name
		ADDED from src\main\AndroidManifest.xml:16:22-73
uses-permission#android.permission.MOUNT_UNMOUNT_FILESYSTEMS
ADDED from src\main\AndroidManifest.xml:17:5-84
MERGED from [com.dji:dji-sdk:4.11] AndroidManifest.xml:26:5-84
MERGED from [com.dji:dji-sdk:4.11] AndroidManifest.xml:26:5-84
	android:name
		ADDED from src\main\AndroidManifest.xml:17:22-81
uses-permission#android.permission.WRITE_EXTERNAL_STORAGE
ADDED from src\main\AndroidManifest.xml:18:5-81
MERGED from [com.dji:dji-sdk:4.11] AndroidManifest.xml:15:5-81
MERGED from [com.dji:dji-sdk:4.11] AndroidManifest.xml:15:5-81
	android:name
		ADDED from src\main\AndroidManifest.xml:18:22-78
uses-permission#android.permission.READ_EXTERNAL_STORAGE
ADDED from src\main\AndroidManifest.xml:19:5-80
	android:name
		ADDED from src\main\AndroidManifest.xml:19:22-77
uses-permission#android.permission.SYSTEM_ALERT_WINDOW
ADDED from src\main\AndroidManifest.xml:20:5-78
MERGED from [com.dji:dji-sdk:4.11] AndroidManifest.xml:23:5-78
MERGED from [com.dji:dji-sdk:4.11] AndroidManifest.xml:23:5-78
	android:name
		ADDED from src\main\AndroidManifest.xml:20:22-75
uses-permission#android.permission.READ_PHONE_STATE
ADDED from src\main\AndroidManifest.xml:21:5-75
MERGED from [com.dji:dji-sdk:4.11] AndroidManifest.xml:40:5-75
MERGED from [com.dji:dji-sdk:4.11] AndroidManifest.xml:40:5-75
	android:name
		ADDED from src\main\AndroidManifest.xml:21:22-72
uses-feature#android.hardware.camera
ADDED from src\main\AndroidManifest.xml:23:5-60
	android:name
		ADDED from src\main\AndroidManifest.xml:23:19-57
uses-feature#android.hardware.camera.autofocus
ADDED from src\main\AndroidManifest.xml:24:5-70
	android:name
		ADDED from src\main\AndroidManifest.xml:24:19-67
uses-feature#android.hardware.usb.host
ADDED from src\main\AndroidManifest.xml:25:5-27:36
MERGED from [com.dji:dji-sdk:4.11] AndroidManifest.xml:53:5-55:36
MERGED from [com.dji:dji-sdk:4.11] AndroidManifest.xml:53:5-55:36
	android:required
		ADDED from src\main\AndroidManifest.xml:27:9-33
	android:name
		ADDED from src\main\AndroidManifest.xml:26:9-49
uses-feature#android.hardware.usb.accessory
ADDED from src\main\AndroidManifest.xml:28:5-30:35
MERGED from [com.dji:dji-sdk:4.11] AndroidManifest.xml:56:5-58:35
MERGED from [com.dji:dji-sdk:4.11] AndroidManifest.xml:56:5-58:35
	android:required
		ADDED from src\main\AndroidManifest.xml:30:9-32
	android:name
		ADDED from src\main\AndroidManifest.xml:29:9-54
application
ADDED from src\main\AndroidManifest.xml:32:5-98:19
MERGED from [com.dji:dji-sdk:4.11] AndroidManifest.xml:60:5-73:19
MERGED from [com.dji:dji-sdk:4.11] AndroidManifest.xml:60:5-73:19
MERGED from [com.mapzen.android:lost:3.0.4] AndroidManifest.xml:21:5-32:19
MERGED from [com.mapzen.android:lost:3.0.4] AndroidManifest.xml:21:5-32:19
MERGED from [androidx.lifecycle:lifecycle-extensions:2.0.0-rc01] AndroidManifest.xml:22:5-23:19
MERGED from [androidx.lifecycle:lifecycle-extensions:2.0.0-rc01] AndroidManifest.xml:22:5-23:19
MERGED from [androidx.core:core:1.0.0] AndroidManifest.xml:22:5-89
MERGED from [androidx.core:core:1.0.0] AndroidManifest.xml:22:5-89
MERGED from [androidx.constraintlayout:constraintlayout:1.1.3] AndroidManifest.xml:9:5-20
MERGED from [androidx.constraintlayout:constraintlayout:1.1.3] AndroidManifest.xml:9:5-20
MERGED from [androidx.versionedparcelable:versionedparcelable:1.0.0] AndroidManifest.xml:22:5-23:19
MERGED from [androidx.versionedparcelable:versionedparcelable:1.0.0] AndroidManifest.xml:22:5-23:19
MERGED from [androidx.lifecycle:lifecycle-process:2.0.0-rc01] AndroidManifest.xml:22:5-28:19
MERGED from [androidx.lifecycle:lifecycle-process:2.0.0-rc01] AndroidManifest.xml:22:5-28:19
	android:appComponentFactory
		ADDED from [androidx.core:core:1.0.0] AndroidManifest.xml:22:18-86
	android:label
		ADDED from src\main\AndroidManifest.xml:37:9-41
	android:icon
		ADDED from src\main\AndroidManifest.xml:36:9-45
	android:allowBackup
		ADDED from src\main\AndroidManifest.xml:34:9-35
	tools:replace
		ADDED from src\main\AndroidManifest.xml:35:9-37
	android:name
		ADDED from src\main\AndroidManifest.xml:33:9-37
uses-library#com.android.future.usb.accessory
ADDED from src\main\AndroidManifest.xml:41:9-73
	android:name
		ADDED from src\main\AndroidManifest.xml:41:23-70
uses-library#org.apache.http.legacy
ADDED from src\main\AndroidManifest.xml:42:9-88
	android:required
		ADDED from src\main\AndroidManifest.xml:42:61-85
	android:name
		ADDED from src\main\AndroidManifest.xml:42:23-60
meta-data#com.dji.sdk.API_KEY
ADDED from src\main\AndroidManifest.xml:44:9-46:56
	android:value
		ADDED from src\main\AndroidManifest.xml:46:13-53
	android:name
		ADDED from src\main\AndroidManifest.xml:45:13-47
activity#dji.sdk.sdkmanager.DJIAoaControllerActivity
ADDED from src\main\AndroidManifest.xml:48:9-58:20
	android:theme
		ADDED from src\main\AndroidManifest.xml:50:13-61
	android:name
		ADDED from src\main\AndroidManifest.xml:49:13-71
intent-filter#action:name:android.hardware.usb.action.USB_ACCESSORY_ATTACHED
ADDED from src\main\AndroidManifest.xml:51:13-53:29
action#android.hardware.usb.action.USB_ACCESSORY_ATTACHED
ADDED from src\main\AndroidManifest.xml:52:17-93
	android:name
		ADDED from src\main\AndroidManifest.xml:52:25-90
meta-data#android.hardware.usb.action.USB_ACCESSORY_ATTACHED
ADDED from src\main\AndroidManifest.xml:55:13-57:60
	android:resource
		ADDED from src\main\AndroidManifest.xml:57:17-57
	android:name
		ADDED from src\main\AndroidManifest.xml:56:17-82
activity#com.dji.P4MissionsDemo.MainActivity
ADDED from src\main\AndroidManifest.xml:62:9-82:20
	android:screenOrientation
		ADDED from src\main\AndroidManifest.xml:66:13-50
	android:label
		ADDED from src\main\AndroidManifest.xml:65:13-64
	android:configChanges
		ADDED from src\main\AndroidManifest.xml:64:13-59
	android:theme
		ADDED from src\main\AndroidManifest.xml:67:13-71
	android:name
		ADDED from src\main\AndroidManifest.xml:63:13-41
intent-filter#action:name:android.intent.action.MAIN+category:name:android.intent.category.LAUNCHER
ADDED from src\main\AndroidManifest.xml:68:13-72:29
action#android.intent.action.MAIN
ADDED from src\main\AndroidManifest.xml:69:17-69
	android:name
		ADDED from src\main\AndroidManifest.xml:69:25-66
category#android.intent.category.LAUNCHER
ADDED from src\main\AndroidManifest.xml:71:17-77
	android:name
		ADDED from src\main\AndroidManifest.xml:71:27-74
activity#com.dji.P4MissionsDemo.TrackingTestActivity
ADDED from src\main\AndroidManifest.xml:84:9-90:20
	android:screenOrientation
		ADDED from src\main\AndroidManifest.xml:88:13-50
	android:label
		ADDED from src\main\AndroidManifest.xml:86:13-65
	android:launchMode
		ADDED from src\main\AndroidManifest.xml:87:13-48
	android:theme
		ADDED from src\main\AndroidManifest.xml:89:13-77
	android:name
		ADDED from src\main\AndroidManifest.xml:85:13-49
activity#com.dji.P4MissionsDemo.PointingTestActivity
ADDED from src\main\AndroidManifest.xml:91:9-97:20
	android:screenOrientation
		ADDED from src\main\AndroidManifest.xml:95:13-50
	android:label
		ADDED from src\main\AndroidManifest.xml:93:13-65
	android:launchMode
		ADDED from src\main\AndroidManifest.xml:94:13-48
	android:theme
		ADDED from src\main\AndroidManifest.xml:96:13-77
	android:name
		ADDED from src\main\AndroidManifest.xml:92:13-49
uses-sdk
INJECTED from src\main\AndroidManifest.xml reason: use-sdk injection requested
INJECTED from src\main\AndroidManifest.xml
INJECTED from src\main\AndroidManifest.xml
MERGED from [androidx.multidex:multidex:2.0.0] AndroidManifest.xml:20:5-43
MERGED from [androidx.multidex:multidex:2.0.0] AndroidManifest.xml:20:5-43
MERGED from [com.dji:dji-sdk:4.11] AndroidManifest.xml:7:5-9:41
MERGED from [com.dji:dji-sdk:4.11] AndroidManifest.xml:7:5-9:41
MERGED from [com.mapzen.android:lost:3.0.4] AndroidManifest.xml:5:5-7:41
MERGED from [com.mapzen.android:lost:3.0.4] AndroidManifest.xml:5:5-7:41
MERGED from [androidx.appcompat:appcompat:1.0.0] AndroidManifest.xml:20:5-44
MERGED from [androidx.appcompat:appcompat:1.0.0] AndroidManifest.xml:20:5-44
MERGED from [androidx.recyclerview:recyclerview:1.0.0] AndroidManifest.xml:20:5-44
MERGED from [androidx.recyclerview:recyclerview:1.0.0] AndroidManifest.xml:20:5-44
MERGED from [androidx.lifecycle:lifecycle-extensions:2.0.0-rc01] AndroidManifest.xml:20:5-44
MERGED from [androidx.lifecycle:lifecycle-extensions:2.0.0-rc01] AndroidManifest.xml:20:5-44
MERGED from [androidx.fragment:fragment:1.0.0] AndroidManifest.xml:20:5-44
MERGED from [androidx.fragment:fragment:1.0.0] AndroidManifest.xml:20:5-44
MERGED from [androidx.vectordrawable:vectordrawable-animated:1.0.0] AndroidManifest.xml:20:5-44
MERGED from [androidx.vectordrawable:vectordrawable-animated:1.0.0] AndroidManifest.xml:20:5-44
MERGED from [androidx.legacy:legacy-support-core-ui:1.0.0] AndroidManifest.xml:20:5-44
MERGED from [androidx.legacy:legacy-support-core-ui:1.0.0] AndroidManifest.xml:20:5-44
MERGED from [androidx.legacy:legacy-support-core-utils:1.0.0] AndroidManifest.xml:20:5-44
MERGED from [androidx.legacy:legacy-support-core-utils:1.0.0] AndroidManifest.xml:20:5-44
MERGED from [androidx.vectordrawable:vectordrawable:1.0.0] AndroidManifest.xml:20:5-44
MERGED from [androidx.vectordrawable:vectordrawable:1.0.0] AndroidManifest.xml:20:5-44
MERGED from [androidx.loader:loader:1.0.0] AndroidManifest.xml:20:5-44
MERGED from [androidx.loader:loader:1.0.0] AndroidManifest.xml:20:5-44
MERGED from [androidx.viewpager:viewpager:1.0.0] AndroidManifest.xml:20:5-44
MERGED from [androidx.viewpager:viewpager:1.0.0] AndroidManifest.xml:20:5-44
MERGED from [androidx.coordinatorlayout:coordinatorlayout:1.0.0] AndroidManifest.xml:20:5-44
MERGED from [androidx.coordinatorlayout:coordinatorlayout:1.0.0] AndroidManifest.xml:20:5-44
MERGED from [androidx.drawerlayout:drawerlayout:1.0.0] AndroidManifest.xml:20:5-44
MERGED from [androidx.drawerlayout:drawerlayout:1.0.0] AndroidManifest.xml:20:5-44
MERGED from [androidx.slidingpanelayout:slidingpanelayout:1.0.0] AndroidManifest.xml:20:5-44
MERGED from [androidx.slidingpanelayout:slidingpanelayout:1.0.0] AndroidManifest.xml:20:5-44
MERGED from [androidx.customview:customview:1.0.0] AndroidManifest.xml:20:5-44
MERGED from [androidx.customview:customview:1.0.0] AndroidManifest.xml:20:5-44
MERGED from [androidx.swiperefreshlayout:swiperefreshlayout:1.0.0] AndroidManifest.xml:20:5-44
MERGED from [androidx.swiperefreshlayout:swiperefreshlayout:1.0.0] AndroidManifest.xml:20:5-44
MERGED from [androidx.asynclayoutinflater:asynclayoutinflater:1.0.0] AndroidManifest.xml:20:5-44
MERGED from [androidx.asynclayoutinflater:asynclayoutinflater:1.0.0] AndroidManifest.xml:20:5-44
MERGED from [androidx.core:core:1.0.0] AndroidManifest.xml:20:5-44
MERGED from [androidx.core:core:1.0.0] AndroidManifest.xml:20:5-44
MERGED from [androidx.constraintlayout:constraintlayout:1.1.3] AndroidManifest.xml:5:5-7:41
MERGED from [androidx.constraintlayout:constraintlayout:1.1.3] AndroidManifest.xml:5:5-7:41
MERGED from [androidx.versionedparcelable:versionedparcelable:1.0.0] AndroidManifest.xml:20:5-44
MERGED from [androidx.versionedparcelable:versionedparcelable:1.0.0] AndroidManifest.xml:20:5-44
MERGED from [androidx.cursoradapter:cursoradapter:1.0.0] AndroidManifest.xml:20:5-44
MERGED from [androidx.cursoradapter:cursoradapter:1.0.0] AndroidManifest.xml:20:5-44
MERGED from [androidx.lifecycle:lifecycle-process:2.0.0-rc01] AndroidManifest.xml:20:5-44
MERGED from [androidx.lifecycle:lifecycle-process:2.0.0-rc01] AndroidManifest.xml:20:5-44
MERGED from [androidx.lifecycle:lifecycle-service:2.0.0-rc01] AndroidManifest.xml:20:5-44
MERGED from [androidx.lifecycle:lifecycle-service:2.0.0-rc01] AndroidManifest.xml:20:5-44
MERGED from [androidx.lifecycle:lifecycle-runtime:2.0.0] AndroidManifest.xml:20:5-44
MERGED from [androidx.lifecycle:lifecycle-runtime:2.0.0] AndroidManifest.xml:20:5-44
MERGED from [androidx.documentfile:documentfile:1.0.0] AndroidManifest.xml:20:5-44
MERGED from [androidx.documentfile:documentfile:1.0.0] AndroidManifest.xml:20:5-44
MERGED from [androidx.localbroadcastmanager:localbroadcastmanager:1.0.0] AndroidManifest.xml:20:5-44
MERGED from [androidx.localbroadcastmanager:localbroadcastmanager:1.0.0] AndroidManifest.xml:20:5-44
MERGED from [androidx.print:print:1.0.0] AndroidManifest.xml:20:5-44
MERGED from [androidx.print:print:1.0.0] AndroidManifest.xml:20:5-44
MERGED from [androidx.lifecycle:lifecycle-viewmodel:2.0.0] AndroidManifest.xml:20:5-44
MERGED from [androidx.lifecycle:lifecycle-viewmodel:2.0.0] AndroidManifest.xml:20:5-44
MERGED from [androidx.lifecycle:lifecycle-livedata:2.0.0] AndroidManifest.xml:20:5-44
MERGED from [androidx.lifecycle:lifecycle-livedata:2.0.0] AndroidManifest.xml:20:5-44
MERGED from [androidx.lifecycle:lifecycle-livedata-core:2.0.0] AndroidManifest.xml:20:5-44
MERGED from [androidx.lifecycle:lifecycle-livedata-core:2.0.0] AndroidManifest.xml:20:5-44
MERGED from [androidx.arch.core:core-runtime:2.0.0] AndroidManifest.xml:20:5-44
MERGED from [androidx.arch.core:core-runtime:2.0.0] AndroidManifest.xml:20:5-44
MERGED from [androidx.interpolator:interpolator:1.0.0] AndroidManifest.xml:20:5-44
MERGED from [androidx.interpolator:interpolator:1.0.0] AndroidManifest.xml:20:5-44
MERGED from [com.dji:library-networkrtk-helper:1.0] AndroidManifest.xml:7:5-9:41
MERGED from [com.dji:library-networkrtk-helper:1.0] AndroidManifest.xml:7:5-9:41
MERGED from [com.dji:fly-safe-database:1.0.17] AndroidManifest.xml:7:5-9:41
MERGED from [com.dji:fly-safe-database:1.0.17] AndroidManifest.xml:7:5-9:41
INJECTED from src\main\AndroidManifest.xml
INJECTED from src\main\AndroidManifest.xml
	android:targetSdkVersion
		INJECTED from src\main\AndroidManifest.xml
		ADDED from src\main\AndroidManifest.xml
		INJECTED from src\main\AndroidManifest.xml
	android:minSdkVersion
		INJECTED from src\main\AndroidManifest.xml
		ADDED from src\main\AndroidManifest.xml
		INJECTED from src\main\AndroidManifest.xml
uses-permission#com.google.android.providers.gsf.permission.READ_GSERVICES
ADDED from [com.dji:dji-sdk:4.11] AndroidManifest.xml:14:5-98
	android:name
		ADDED from [com.dji:dji-sdk:4.11] AndroidManifest.xml:14:22-95
uses-permission#android.permission.WRITE_USER_DICTIONARY
ADDED from [com.dji:dji-sdk:4.11] AndroidManifest.xml:16:5-80
	android:name
		ADDED from [com.dji:dji-sdk:4.11] AndroidManifest.xml:16:22-77
uses-permission#android.permission.CHANGE_CONFIGURATION
ADDED from [com.dji:dji-sdk:4.11] AndroidManifest.xml:19:5-79
	android:name
		ADDED from [com.dji:dji-sdk:4.11] AndroidManifest.xml:19:22-76
uses-permission#android.permission.CHANGE_NETWORK_STATE
ADDED from [com.dji:dji-sdk:4.11] AndroidManifest.xml:22:5-79
	android:name
		ADDED from [com.dji:dji-sdk:4.11] AndroidManifest.xml:22:22-76
uses-permission#android.permission.RECORD_AUDIO
ADDED from [com.dji:dji-sdk:4.11] AndroidManifest.xml:24:5-71
	android:name
		ADDED from [com.dji:dji-sdk:4.11] AndroidManifest.xml:24:22-68
uses-permission#android.permission.CAMERA
ADDED from [com.dji:dji-sdk:4.11] AndroidManifest.xml:25:5-65
	android:name
		ADDED from [com.dji:dji-sdk:4.11] AndroidManifest.xml:25:22-62
uses-permission#android.permission.RECEIVE_BOOT_COMPLETED
ADDED from [com.dji:dji-sdk:4.11] AndroidManifest.xml:29:5-81
	android:name
		ADDED from [com.dji:dji-sdk:4.11] AndroidManifest.xml:29:22-78
uses-permission#android.permission.BROADCAST_STICKY
ADDED from [com.dji:dji-sdk:4.11] AndroidManifest.xml:30:5-75
	android:name
		ADDED from [com.dji:dji-sdk:4.11] AndroidManifest.xml:30:22-72
uses-permission#android.permission.WRITE_SETTINGS
ADDED from [com.dji:dji-sdk:4.11] AndroidManifest.xml:31:5-73
	android:name
		ADDED from [com.dji:dji-sdk:4.11] AndroidManifest.xml:31:22-70
uses-permission#android.permission.RECEIVE_USER_PRESENT
ADDED from [com.dji:dji-sdk:4.11] AndroidManifest.xml:32:5-79
	android:name
		ADDED from [com.dji:dji-sdk:4.11] AndroidManifest.xml:32:22-76
uses-permission#android.permission.KILL_BACKGROUND_PROCESSES
ADDED from [com.dji:dji-sdk:4.11] AndroidManifest.xml:33:5-84
	android:name
		ADDED from [com.dji:dji-sdk:4.11] AndroidManifest.xml:33:22-81
uses-permission#android.permission.READ_LOGS
ADDED from [com.dji:dji-sdk:4.11] AndroidManifest.xml:34:5-68
	android:name
		ADDED from [com.dji:dji-sdk:4.11] AndroidManifest.xml:34:22-65
uses-permission#android.permission.GET_TASKS
ADDED from [com.dji:dji-sdk:4.11] AndroidManifest.xml:38:5-68
	android:name
		ADDED from [com.dji:dji-sdk:4.11] AndroidManifest.xml:38:22-65
uses-permission#android.permission.MANAGE_ACCOUNTS
ADDED from [com.dji:dji-sdk:4.11] AndroidManifest.xml:41:5-74
	android:name
		ADDED from [com.dji:dji-sdk:4.11] AndroidManifest.xml:41:22-71
uses-permission#android.permission.GET_ACCOUNTS
ADDED from [com.dji:dji-sdk:4.11] AndroidManifest.xml:42:5-71
	android:name
		ADDED from [com.dji:dji-sdk:4.11] AndroidManifest.xml:42:22-68
uses-permission#android.permission.RAISED_THREAD_PRIORITY
ADDED from [com.dji:dji-sdk:4.11] AndroidManifest.xml:43:5-81
	android:name
		ADDED from [com.dji:dji-sdk:4.11] AndroidManifest.xml:43:22-78
uses-permission#android.permission.INTERACT_ACROSS_USERS_FULL
ADDED from [com.dji:dji-sdk:4.11] AndroidManifest.xml:44:5-85
	android:name
		ADDED from [com.dji:dji-sdk:4.11] AndroidManifest.xml:44:22-82
uses-permission#android.permission.USE_CREDENTIALS
ADDED from [com.dji:dji-sdk:4.11] AndroidManifest.xml:50:5-74
	android:name
		ADDED from [com.dji:dji-sdk:4.11] AndroidManifest.xml:50:22-71
service#dji.sdk.sdkmanager.DJIGlobalService
ADDED from [com.dji:dji-sdk:4.11] AndroidManifest.xml:61:9-63:43
	android:stopWithTask
		ADDED from [com.dji:dji-sdk:4.11] AndroidManifest.xml:63:13-40
	android:name
		ADDED from [com.dji:dji-sdk:4.11] AndroidManifest.xml:62:13-63
receiver#dji.logic.receiver.DJIPilotStartupReceiver
ADDED from [com.dji:dji-sdk:4.11] AndroidManifest.xml:65:9-72:20
	android:exported
		ADDED from [com.dji:dji-sdk:4.11] AndroidManifest.xml:67:13-36
	android:name
		ADDED from [com.dji:dji-sdk:4.11] AndroidManifest.xml:66:13-70
intent-filter#action:name:dji.go3.STARTUP+action:name:dji.go4.STARTUP
ADDED from [com.dji:dji-sdk:4.11] AndroidManifest.xml:68:13-71:29
action#dji.go3.STARTUP
ADDED from [com.dji:dji-sdk:4.11] AndroidManifest.xml:69:17-58
	android:name
		ADDED from [com.dji:dji-sdk:4.11] AndroidManifest.xml:69:25-55
action#dji.go4.STARTUP
ADDED from [com.dji:dji-sdk:4.11] AndroidManifest.xml:70:17-58
	android:name
		ADDED from [com.dji:dji-sdk:4.11] AndroidManifest.xml:70:25-55
uses-feature#android.hardware.sensor.accelerometer
ADDED from [com.mapzen.android:lost:3.0.4] AndroidManifest.xml:9:5-11:36
	android:required
		ADDED from [com.mapzen.android:lost:3.0.4] AndroidManifest.xml:11:9-33
	android:name
		ADDED from [com.mapzen.android:lost:3.0.4] AndroidManifest.xml:10:9-61
uses-feature#android.hardware.location
ADDED from [com.mapzen.android:lost:3.0.4] AndroidManifest.xml:12:5-62
	android:name
		ADDED from [com.mapzen.android:lost:3.0.4] AndroidManifest.xml:12:19-59
uses-feature#android.hardware.location.gps
ADDED from [com.mapzen.android:lost:3.0.4] AndroidManifest.xml:13:5-15:36
	android:required
		ADDED from [com.mapzen.android:lost:3.0.4] AndroidManifest.xml:15:9-33
	android:name
		ADDED from [com.mapzen.android:lost:3.0.4] AndroidManifest.xml:14:9-53
uses-feature#android.hardware.telephony
ADDED from [com.mapzen.android:lost:3.0.4] AndroidManifest.xml:16:5-18:36
	android:required
		ADDED from [com.mapzen.android:lost:3.0.4] AndroidManifest.xml:18:9-33
	android:name
		ADDED from [com.mapzen.android:lost:3.0.4] AndroidManifest.xml:17:9-50
uses-feature#android.hardware.wifi
ADDED from [com.mapzen.android:lost:3.0.4] AndroidManifest.xml:19:5-58
	android:name
		ADDED from [com.mapzen.android:lost:3.0.4] AndroidManifest.xml:19:19-55
service#com.mapzen.android.lost.internal.FusedLocationProviderService
ADDED from [com.mapzen.android:lost:3.0.4] AndroidManifest.xml:22:9-24:39
	android:process
		ADDED from [com.mapzen.android:lost:3.0.4] AndroidManifest.xml:24:13-36
	android:name
		ADDED from [com.mapzen.android:lost:3.0.4] AndroidManifest.xml:23:13-89
service#com.mapzen.android.lost.internal.GeofencingIntentService
ADDED from [com.mapzen.android:lost:3.0.4] AndroidManifest.xml:25:9-29:19
	android:name
		ADDED from [com.mapzen.android:lost:3.0.4] AndroidManifest.xml:25:18-89
intent-filter#action:name:com.mapzen.lost.action.ACTION_GEOFENCING_SERVICE
ADDED from [com.mapzen.android:lost:3.0.4] AndroidManifest.xml:26:13-28:29
action#com.mapzen.lost.action.ACTION_GEOFENCING_SERVICE
ADDED from [com.mapzen.android:lost:3.0.4] AndroidManifest.xml:27:17-91
	android:name
		ADDED from [com.mapzen.android:lost:3.0.4] AndroidManifest.xml:27:25-88
service#com.mapzen.android.lost.internal.DwellIntentService
ADDED from [com.mapzen.android:lost:3.0.4] AndroidManifest.xml:30:9-31:19
	android:name
		ADDED from [com.mapzen.android:lost:3.0.4] AndroidManifest.xml:30:18-84
provider#androidx.lifecycle.ProcessLifecycleOwnerInitializer
ADDED from [androidx.lifecycle:lifecycle-process:2.0.0-rc01] AndroidManifest.xml:23:9-27:43
	android:authorities
		ADDED from [androidx.lifecycle:lifecycle-process:2.0.0-rc01] AndroidManifest.xml:25:13-69
	android:multiprocess
		ADDED from [androidx.lifecycle:lifecycle-process:2.0.0-rc01] AndroidManifest.xml:27:13-40
	android:exported
		ADDED from [androidx.lifecycle:lifecycle-process:2.0.0-rc01] AndroidManifest.xml:26:13-37
	android:name
		ADDED from [androidx.lifecycle:lifecycle-process:2.0.0-rc01] AndroidManifest.xml:24:13-79